<?xml version="1.0" encoding="UTF-8"?>
<!-- Generated by org.testng.reporters.JUnitXMLReporter -->
<testsuite ignored="0" hostname="VIJAYAKUMAR" failures="0" tests="3" name="SeleniumTest" time="3.777" errors="0" timestamp="2024-05-16T03:21:26 BST">
  <testcase classname="ApiTestCases.SampleTestCases" name="testDeleteRequest" time="2.292"/>
  <testcase classname="ApiTestCases.SampleTestCases" name="testGetRequest" time="0.363"/>
  <testcase classname="ApiTestCases.SampleTestCases" name="testPOSTRequest" time="0.825"/>
</testsuite> <!-- SeleniumTest -->
