<?xml version="1.0" encoding="UTF-8"?>
<!-- Generated by org.testng.reporters.JUnitXMLReporter -->
<testsuite ignored="0" hostname="VIJAYAKUMAR" failures="0" tests="4" name="Default test" time="6.599" errors="0" timestamp="2024-06-16T02:25:47 BST">
  <testcase classname="apiTestCases.SampleTestCases" name="testGetRequest" time="2.382"/>
  <testcase classname="apiTestCases.SampleTestCases" name="testPOSTRequest" time="1.25"/>
  <testcase classname="apiTestCases.SampleTestCases" name="testUpdateUser" time="1.319"/>
  <testcase classname="apiTestCases.SampleTestCases" name="testDeleteRequest" time="1.61"/>
</testsuite> <!-- Default test -->
