<?xml version="1.0" encoding="UTF-8"?>
<!-- Generated by org.testng.reporters.JUnitXMLReporter -->
<testsuite ignored="0" hostname="VIJAYAKUMAR" failures="0" tests="4" name="Default test" time="6.866" errors="0" timestamp="2024-06-11T13:10:11 BST">
  <testcase classname="apiTestCases.SampleTestCases" name="testDeleteRequest" time="3.901"/>
  <testcase classname="apiTestCases.SampleTestCases" name="testGetRequest" time="0.672"/>
  <testcase classname="apiTestCases.SampleTestCases" name="testPOSTRequest" time="0.712"/>
  <testcase classname="apiTestCases.SampleTestCases" name="testUpdateUser" time="1.512"/>
</testsuite> <!-- Default test -->
