<?xml version="1.0" encoding="UTF-8"?>
<!-- Generated by org.testng.reporters.JUnitXMLReporter -->
<testsuite ignored="0" hostname="VIJAYAKUMAR" failures="0" tests="3" name="SeleniumTest" time="5.351" errors="0" timestamp="2024-06-10T23:49:22 BST">
  <testcase classname="apiTestCases.SampleTestCases" name="testDeleteRequest" time="2.633"/>
  <testcase classname="apiTestCases.SampleTestCases" name="testGetRequest" time="0.954"/>
  <testcase classname="apiTestCases.SampleTestCases" name="testPOSTRequest" time="0.98"/>
</testsuite> <!-- SeleniumTest -->
