<?xml version="1.0" encoding="UTF-8"?>
<testsuite xmlns:xsi="http://www.w3.org/2001/XMLSchema-instance" xsi:noNamespaceSchemaLocation="https://maven.apache.org/surefire/maven-surefire-plugin/xsd/surefire-test-report-3.0.xsd" version="3.0" name="TestSuite" time="4.155" tests="1" errors="0" skipped="0" failures="0">
  <properties>
[...]
</properties>
  <testcase name="verifySetup" classname="testcases.SampleTestCases" time="0.874">
    <system-out><![CDATA[2024-06-07 23:17:19.826 [main] INFO  execution.UIOperation - Initializing WebDriver for browser: chrome
2024-06-07 23:17:19.920 [main] DEBUG io.netty.util.internal.logging.InternalLoggerFactory - Using Log4J2 as the default logging framework
2024-06-07 23:17:19.935 [main] DEBUG io.netty.util.ResourceLeakDetector - -Dio.netty.leakDetection.level: simple
2024-06-07 23:17:19.935 [main] DEBUG io.netty.util.ResourceLeakDetector - -Dio.netty.leakDetection.targetRecords: 4
2024-06-07 23:17:19.935 [main] DEBUG io.netty.util.ResourceLeakDetectorFactory - Loaded default ResourceLeakDetector: io.netty.util.ResourceLeakDetector@b968a76
2024-06-07 23:17:19.951 [main] DEBUG io.netty.util.internal.PlatformDependent0 - -Dio.netty.noUnsafe: false
2024-06-07 23:17:19.951 [main] DEBUG io.netty.util.internal.PlatformDependent0 - Java version: 17
2024-06-07 23:17:19.951 [main] DEBUG io.netty.util.internal.PlatformDependent0 - sun.misc.Unsafe.theUnsafe: available
2024-06-07 23:17:19.951 [main] DEBUG io.netty.util.internal.PlatformDependent0 - sun.misc.Unsafe.copyMemory: available
2024-06-07 23:17:19.951 [main] DEBUG io.netty.util.internal.PlatformDependent0 - java.nio.Buffer.address: available
2024-06-07 23:17:19.951 [main] DEBUG io.netty.util.internal.PlatformDependent0 - direct buffer constructor: unavailable: Reflective setAccessible(true) disabled
2024-06-07 23:17:19.951 [main] DEBUG io.netty.util.internal.PlatformDependent0 - java.nio.Bits.unaligned: available, true
2024-06-07 23:17:19.951 [main] DEBUG io.netty.util.internal.PlatformDependent0 - jdk.internal.misc.Unsafe.allocateUninitializedArray(int): unavailable: class io.netty.util.internal.PlatformDependent0$6 cannot access class jdk.internal.misc.Unsafe (in module java.base) because module java.base does not export jdk.internal.misc to unnamed module @6497b078
2024-06-07 23:17:19.951 [main] DEBUG io.netty.util.internal.PlatformDependent0 - java.nio.DirectByteBuffer.<init>(long, int): unavailable
2024-06-07 23:17:19.951 [main] DEBUG io.netty.util.internal.PlatformDependent - sun.misc.Unsafe: available
2024-06-07 23:17:19.951 [main] DEBUG io.netty.util.internal.PlatformDependent - maxDirectMemory: 4213178368 bytes (maybe)
2024-06-07 23:17:19.951 [main] DEBUG io.netty.util.internal.PlatformDependent - -Dio.netty.tmpdir: C:\Users\kanni\AppData\Local\Temp (java.io.tmpdir)
2024-06-07 23:17:19.951 [main] DEBUG io.netty.util.internal.PlatformDependent - -Dio.netty.bitMode: 64 (sun.arch.data.model)
2024-06-07 23:17:19.951 [main] DEBUG io.netty.util.internal.PlatformDependent - Platform: Windows
2024-06-07 23:17:19.951 [main] DEBUG io.netty.util.internal.PlatformDependent - -Dio.netty.maxDirectMemory: -1 bytes
2024-06-07 23:17:19.951 [main] DEBUG io.netty.util.internal.PlatformDependent - -Dio.netty.uninitializedArrayAllocationThreshold: -1
2024-06-07 23:17:19.967 [main] DEBUG io.netty.util.internal.CleanerJava9 - java.nio.ByteBuffer.cleaner(): available
2024-06-07 23:17:19.967 [main] DEBUG io.netty.util.internal.PlatformDependent - -Dio.netty.noPreferDirect: false
2024-06-07 23:17:19.967 [main] DEBUG io.netty.util.internal.PlatformDependent - org.jctools-core.MpscChunkedArrayQueue: available
2024-06-07 23:17:19.982 [main] DEBUG io.netty.util.internal.InternalThreadLocalMap - -Dio.netty.threadLocalMap.stringBuilder.initialSize: 1024
2024-06-07 23:17:19.982 [main] DEBUG io.netty.util.internal.InternalThreadLocalMap - -Dio.netty.threadLocalMap.stringBuilder.maxSize: 4096
2024-06-07 23:17:20.138 [main] DEBUG io.netty.handler.ssl.JdkSslContext - Default protocols (JDK): [TLSv1.3, TLSv1.2] 
2024-06-07 23:17:20.154 [main] DEBUG io.netty.handler.ssl.JdkSslContext - Default cipher suites (JDK): [TLS_ECDHE_ECDSA_WITH_AES_256_GCM_SHA384, TLS_ECDHE_ECDSA_WITH_AES_128_GCM_SHA256, TLS_ECDHE_RSA_WITH_AES_128_GCM_SHA256, TLS_ECDHE_RSA_WITH_AES_256_GCM_SHA384, TLS_ECDHE_RSA_WITH_AES_128_CBC_SHA, TLS_ECDHE_RSA_WITH_AES_256_CBC_SHA, TLS_RSA_WITH_AES_128_GCM_SHA256, TLS_RSA_WITH_AES_128_CBC_SHA, TLS_RSA_WITH_AES_256_CBC_SHA, TLS_AES_128_GCM_SHA256, TLS_AES_256_GCM_SHA384]
2024-06-07 23:17:20.176 [main] DEBUG io.netty.channel.MultithreadEventLoopGroup - -Dio.netty.eventLoopThreads: 32
2024-06-07 23:17:20.176 [main] DEBUG io.netty.channel.nio.NioEventLoop - -Dio.netty.noKeySetOptimization: false
2024-06-07 23:17:20.176 [main] DEBUG io.netty.channel.nio.NioEventLoop - -Dio.netty.selectorAutoRebuildThreshold: 512
2024-06-07 23:17:20.239 [main] DEBUG io.netty.buffer.PooledByteBufAllocator - -Dio.netty.allocator.numHeapArenas: 32
2024-06-07 23:17:20.239 [main] DEBUG io.netty.buffer.PooledByteBufAllocator - -Dio.netty.allocator.numDirectArenas: 32
2024-06-07 23:17:20.239 [main] DEBUG io.netty.buffer.PooledByteBufAllocator - -Dio.netty.allocator.pageSize: 8192
2024-06-07 23:17:20.239 [main] DEBUG io.netty.buffer.PooledByteBufAllocator - -Dio.netty.allocator.maxOrder: 11
2024-06-07 23:17:20.239 [main] DEBUG io.netty.buffer.PooledByteBufAllocator - -Dio.netty.allocator.chunkSize: 16777216
2024-06-07 23:17:20.239 [main] DEBUG io.netty.buffer.PooledByteBufAllocator - -Dio.netty.allocator.smallCacheSize: 256
2024-06-07 23:17:20.239 [main] DEBUG io.netty.buffer.PooledByteBufAllocator - -Dio.netty.allocator.normalCacheSize: 64
2024-06-07 23:17:20.239 [main] DEBUG io.netty.buffer.PooledByteBufAllocator - -Dio.netty.allocator.maxCachedBufferCapacity: 32768
2024-06-07 23:17:20.239 [main] DEBUG io.netty.buffer.PooledByteBufAllocator - -Dio.netty.allocator.cacheTrimInterval: 8192
2024-06-07 23:17:20.239 [main] DEBUG io.netty.buffer.PooledByteBufAllocator - -Dio.netty.allocator.cacheTrimIntervalMillis: 0
2024-06-07 23:17:20.239 [main] DEBUG io.netty.buffer.PooledByteBufAllocator - -Dio.netty.allocator.useCacheForAllThreads: true
2024-06-07 23:17:20.239 [main] DEBUG io.netty.buffer.PooledByteBufAllocator - -Dio.netty.allocator.maxCachedByteBuffersPerChunk: 1023
2024-06-07 23:17:20.254 [main] DEBUG io.netty.buffer.ByteBufUtil - -Dio.netty.allocator.type: pooled
2024-06-07 23:17:20.254 [main] DEBUG io.netty.buffer.ByteBufUtil - -Dio.netty.threadLocalDirectBufferSize: 0
2024-06-07 23:17:20.254 [main] DEBUG io.netty.buffer.ByteBufUtil - -Dio.netty.maxThreadLocalCharBufferSize: 16384
2024-06-07 23:17:20.985 [Forwarding newSession on session null to remote] DEBUG io.netty.channel.DefaultChannelId - -Dio.netty.processId: 14096 (auto-detected)
2024-06-07 23:17:20.991 [Forwarding newSession on session null to remote] DEBUG io.netty.util.NetUtil - -Djava.net.preferIPv4Stack: false
2024-06-07 23:17:20.991 [Forwarding newSession on session null to remote] DEBUG io.netty.util.NetUtil - -Djava.net.preferIPv6Addresses: false
2024-06-07 23:17:20.991 [Forwarding newSession on session null to remote] DEBUG io.netty.util.NetUtilInitializations - Loopback interface: lo (Software Loopback Interface 1, 127.0.0.1)
2024-06-07 23:17:20.991 [Forwarding newSession on session null to remote] DEBUG io.netty.util.NetUtil - Failed to get SOMAXCONN from sysctl and file \proc\sys\net\core\somaxconn. Default: 200
2024-06-07 23:17:21.018 [Forwarding newSession on session null to remote] DEBUG io.netty.channel.DefaultChannelId - -Dio.netty.machineId: 8c:f8:c5:ff:fe:6b:4f:86 (auto-detected)
2024-06-07 23:17:21.064 [AsyncHttpClient-1-2] DEBUG io.netty.buffer.AbstractByteBuf - -Dio.netty.buffer.checkAccessible: true
2024-06-07 23:17:21.064 [AsyncHttpClient-1-2] DEBUG io.netty.buffer.AbstractByteBuf - -Dio.netty.buffer.checkBounds: true
2024-06-07 23:17:21.064 [AsyncHttpClient-1-2] DEBUG io.netty.util.ResourceLeakDetectorFactory - Loaded default ResourceLeakDetector: io.netty.util.ResourceLeakDetector@6e97653e
2024-06-07 23:17:21.080 [AsyncHttpClient-1-2] DEBUG io.netty.util.Recycler - -Dio.netty.recycler.maxCapacityPerThread: 4096
2024-06-07 23:17:21.080 [AsyncHttpClient-1-2] DEBUG io.netty.util.Recycler - -Dio.netty.recycler.maxSharedCapacityFactor: 2
2024-06-07 23:17:21.080 [AsyncHttpClient-1-2] DEBUG io.netty.util.Recycler - -Dio.netty.recycler.linkCapacity: 16
2024-06-07 23:17:21.080 [AsyncHttpClient-1-2] DEBUG io.netty.util.Recycler - -Dio.netty.recycler.ratio: 8
2024-06-07 23:17:21.080 [AsyncHttpClient-1-2] DEBUG io.netty.util.Recycler - -Dio.netty.recycler.delayedQueue.ratio: 8
2024-06-07 23:17:21.682 [AsyncHttpClient-1-2] DEBUG io.netty.handler.codec.compression.Brotli - brotli4j not in the classpath; Brotli support will be unavailable.
2024-06-07 23:17:21.763 [main] DEBUG io.netty.util.internal.ThreadLocalRandom - -Dio.netty.initialSeedUniquifier: 0xcb5fcd1b04ff32f5
2024-06-07 23:17:21.808 [main] INFO  execution.UIOperation - Chrome driver initialized
2024-06-07 23:17:21.842 [main] INFO  execution.UIOperation - Executing test case: Login In Application
2024-06-07 23:17:21.935 [main] DEBUG org.apache.poi.openxml4j.opc.PackageRelationshipCollection - Parsing relationship: /xl/_rels/workbook.xml.rels
2024-06-07 23:17:21.935 [main] DEBUG org.apache.poi.openxml4j.opc.PackageRelationshipCollection - Parsing relationship: /xl/worksheets/_rels/sheet1.xml.rels
2024-06-07 23:17:21.935 [main] DEBUG org.apache.poi.openxml4j.opc.PackageRelationshipCollection - Parsing relationship: /_rels/.rels
2024-06-07 23:17:22.233 [main] INFO  excelRead.ReadTestCaseName - New Testcase -> Sample Test Case Started
2024-06-07 23:17:22.233 [main] INFO  excelRead.ReadTestCaseName - New Testcase -> Login In Application Started
2024-06-07 23:17:22.233 [main] DEBUG excelRead.ReadTestCaseName - Step details: GOTOURL ----  ----  ---- https://www.selenium.dev/selenium/web/web-form.html
2024-06-07 23:17:22.233 [main] DEBUG excelRead.ReadTestCaseName - Step details: SETTEXT ---- my-text ---- name ---- Selenium
2024-06-07 23:17:22.233 [main] DEBUG excelRead.ReadTestCaseName - Step details: CLICK ---- button ---- CSS ---- button
2024-06-07 23:17:22.233 [main] INFO  excelRead.ReadTestCaseName - Test case details extraction complete
2024-06-07 23:17:22.233 [main] DEBUG execution.UIOperation - Key: Keyword, Value: GOTOURL
2024-06-07 23:17:22.233 [main] DEBUG execution.UIOperation - Key: Object, Value: 
2024-06-07 23:17:22.233 [main] DEBUG execution.UIOperation - Key: ObjectType, Value: 
2024-06-07 23:17:22.233 [main] DEBUG execution.UIOperation - Key: value, Value: https://www.selenium.dev/selenium/web/web-form.html
2024-06-07 23:17:22.233 [main] INFO  execution.UIOperation - Performing operation: GOTOURL
2024-06-07 23:17:22.557 [main] INFO  execution.UIOperation - Operation GOTOURL performed successfully
2024-06-07 23:17:22.557 [main] DEBUG execution.UIOperation - Key: Keyword, Value: SETTEXT
2024-06-07 23:17:22.557 [main] DEBUG execution.UIOperation - Key: Object, Value: my-text
2024-06-07 23:17:22.557 [main] DEBUG execution.UIOperation - Key: ObjectType, Value: name
2024-06-07 23:17:22.557 [main] DEBUG execution.UIOperation - Key: value, Value: Selenium
2024-06-07 23:17:22.557 [main] INFO  execution.UIOperation - Performing operation: SETTEXT
2024-06-07 23:17:22.557 [main] INFO  execution.UIOperation - Locating element. ObjectType: name, ObjectName: my-text
2024-06-07 23:17:22.655 [main] INFO  execution.UIOperation - Operation SETTEXT performed successfully
2024-06-07 23:17:22.655 [main] DEBUG execution.UIOperation - Key: Keyword, Value: CLICK
2024-06-07 23:17:22.655 [main] DEBUG execution.UIOperation - Key: Object, Value: button
2024-06-07 23:17:22.655 [main] DEBUG execution.UIOperation - Key: ObjectType, Value: CSS
2024-06-07 23:17:22.655 [main] DEBUG execution.UIOperation - Key: value, Value: button
2024-06-07 23:17:22.655 [main] INFO  execution.UIOperation - Performing operation: CLICK
2024-06-07 23:17:22.655 [main] INFO  execution.UIOperation - Locating element. ObjectType: CSS, ObjectName: button
2024-06-07 23:17:22.750 [main] INFO  execution.UIOperation - Operation CLICK performed successfully
]]></system-out>
    <system-err><![CDATA[SLF4J: Failed to load class "org.slf4j.impl.StaticLoggerBinder".
SLF4J: Defaulting to no-operation (NOP) logger implementation
SLF4J: See http://www.slf4j.org/codes.html#StaticLoggerBinder for further details.
Starting ChromeDriver 125.0.6422.141 (4b1e83937122185343ba92e909b021f307c719ca-refs/branch-heads/6422@{#1186}) on port 52308
Only local connections are allowed.
Please see https://chromedriver.chromium.org/security-considerations for suggestions on keeping ChromeDriver safe.
ChromeDriver was started successfully.
Jun 07, 2024 11:17:21 PM org.openqa.selenium.remote.ProtocolHandshake createSession
INFO: Detected dialect: W3C
Jun 07, 2024 11:17:21 PM org.openqa.selenium.devtools.CdpVersionFinder findNearestMatch
WARNING: Unable to find an exact match for CDP version 125, so returning the closest version found: a no-op implementation
Jun 07, 2024 11:17:21 PM org.openqa.selenium.devtools.CdpVersionFinder findNearestMatch
INFO: Unable to find CDP implementation matching 125.
Jun 07, 2024 11:17:21 PM org.openqa.selenium.chromium.ChromiumDriver lambda$new$3
WARNING: Unable to find version of CDP to use for . You may need to include a dependency on a specific version of the CDP using something similar to `org.seleniumhq.selenium:selenium-devtools-v86:4.1.0` where the version ("v86") matches the version of the chromium-based browser you're using and the version number of the artifact is the same as Selenium's.
]]></system-err>
  </testcase>
</testsuite>