<?xml version="1.0" encoding="UTF-8"?>
<testng-results ignored="0" total="1" passed="1" failed="0" skipped="0">
  <reporter-output>
  </reporter-output>
  <suite started-at="2024-05-10T22:32:56 BST" name="SeleniumTestSuite" finished-at="2024-05-10T22:33:03 BST" duration-ms="6631">
    <groups>
    </groups>
    <test started-at="2024-05-10T22:32:56 BST" name="SeleniumTest" finished-at="2024-05-10T22:33:03 BST" duration-ms="6631">
      <class name="testcases.SampleTestCases">
        <test-method is-config="true" signature="browserSetup(java.lang.String)[pri:0, instance:testcases.SampleTestCases@53fd0d10]" started-at="2024-05-10T22:32:56 BST" name="browserSetup" finished-at="2024-05-10T22:33:00 BST" duration-ms="4374" status="PASS">
          <params>
            <param index="0">
              <value>
                <![CDATA[firefox]]>
              </value>
            </param>
          </params>
          <reporter-output>
          </reporter-output>
        </test-method> <!-- browserSetup -->
        <test-method signature="verifySetup()[pri:0, instance:testcases.SampleTestCases@53fd0d10]" started-at="2024-05-10T22:33:00 BST" name="verifySetup" finished-at="2024-05-10T22:33:02 BST" duration-ms="1900" status="PASS">
          <reporter-output>
          </reporter-output>
        </test-method> <!-- verifySetup -->
      </class> <!-- testcases.SampleTestCases -->
    </test> <!-- SeleniumTest -->
  </suite> <!-- SeleniumTestSuite -->
</testng-results>
