<?xml version="1.0" encoding="UTF-8"?>
<testng-results ignored="0" total="4" passed="4" failed="0" skipped="0">
  <reporter-output>
  </reporter-output>
  <suite started-at="2024-06-16T02:25:41 BST" name="Default suite" finished-at="2024-06-16T02:25:47 BST" duration-ms="6599">
    <groups>
    </groups>
    <test started-at="2024-06-16T02:25:41 BST" name="Default test" finished-at="2024-06-16T02:25:47 BST" duration-ms="6599">
      <class name="apiTestCases.SampleTestCases">
        <test-method signature="testGetRequest()[pri:1, instance:apiTestCases.SampleTestCases@3542162a]" started-at="2024-06-16T02:25:41 BST" name="testGetRequest" finished-at="2024-06-16T02:25:43 BST" duration-ms="2382" status="PASS">
          <reporter-output>
          </reporter-output>
        </test-method> <!-- testGetRequest -->
        <test-method signature="testPOSTRequest()[pri:2, instance:apiTestCases.SampleTestCases@3542162a]" started-at="2024-06-16T02:25:43 BST" name="testPOSTRequest" finished-at="2024-06-16T02:25:44 BST" duration-ms="1250" status="PASS">
          <reporter-output>
          </reporter-output>
        </test-method> <!-- testPOSTRequest -->
        <test-method signature="testUpdateUser()[pri:3, instance:apiTestCases.SampleTestCases@3542162a]" started-at="2024-06-16T02:25:44 BST" name="testUpdateUser" finished-at="2024-06-16T02:25:46 BST" duration-ms="1319" status="PASS">
          <reporter-output>
          </reporter-output>
        </test-method> <!-- testUpdateUser -->
        <test-method signature="testDeleteRequest()[pri:4, instance:apiTestCases.SampleTestCases@3542162a]" started-at="2024-06-16T02:25:46 BST" name="testDeleteRequest" finished-at="2024-06-16T02:25:47 BST" duration-ms="1610" status="PASS">
          <reporter-output>
          </reporter-output>
        </test-method> <!-- testDeleteRequest -->
      </class> <!-- apiTestCases.SampleTestCases -->
    </test> <!-- Default test -->
  </suite> <!-- Default suite -->
</testng-results>
