<?xml version="1.0" encoding="UTF-8"?>
<testng-results ignored="0" total="3" passed="3" failed="0" skipped="0">
  <reporter-output>
  </reporter-output>
  <suite started-at="2024-05-16T03:21:22 BST" name="SeleniumTestSuite" finished-at="2024-05-16T03:21:26 BST" duration-ms="3777">
    <groups>
    </groups>
    <test started-at="2024-05-16T03:21:22 BST" name="SeleniumTest" finished-at="2024-05-16T03:21:26 BST" duration-ms="3777">
      <class name="ApiTestCases.SampleTestCases">
        <test-method signature="testDeleteRequest()[pri:0, instance:ApiTestCases.SampleTestCases@4d098f9b]" started-at="2024-05-16T03:21:22 BST" name="testDeleteRequest" finished-at="2024-05-16T03:21:25 BST" duration-ms="2292" status="PASS">
          <reporter-output>
          </reporter-output>
        </test-method> <!-- testDeleteRequest -->
        <test-method signature="testGetRequest()[pri:0, instance:ApiTestCases.SampleTestCases@4d098f9b]" started-at="2024-05-16T03:21:25 BST" name="testGetRequest" finished-at="2024-05-16T03:21:25 BST" duration-ms="363" status="PASS">
          <reporter-output>
          </reporter-output>
        </test-method> <!-- testGetRequest -->
        <test-method signature="testPOSTRequest()[pri:0, instance:ApiTestCases.SampleTestCases@4d098f9b]" started-at="2024-05-16T03:21:25 BST" name="testPOSTRequest" finished-at="2024-05-16T03:21:26 BST" duration-ms="825" status="PASS">
          <reporter-output>
          </reporter-output>
        </test-method> <!-- testPOSTRequest -->
      </class> <!-- ApiTestCases.SampleTestCases -->
    </test> <!-- SeleniumTest -->
  </suite> <!-- SeleniumTestSuite -->
</testng-results>
